<?xml version="1.0" encoding="UTF-8"?>
<!-- Generated by org.testng.reporters.JUnitReportReporter -->
<testsuite hostname="DESKTOP-BQKPNP3" failures="0" tests="1" name="testCases.TC_006_EndToEndTest" time="50.957" errors="0" timestamp="2025-01-11T16:36:48 IST" skipped="0">
  <testcase classname="testCases.TC_006_EndToEndTest" name="endToendTest" time="50.957"/>
  <system-out/>
</testsuite> <!-- testCases.TC_006_EndToEndTest -->
