<?xml version="1.0" encoding="UTF-8"?>
<!-- Generated by org.testng.reporters.JUnitReportReporter -->
<testsuite hostname="DESKTOP-BQKPNP3" failures="0" tests="1" name="testCases.TC001_AccountRegistrationTest" time="4.309" errors="0" timestamp="2024-11-07T15:30:26 IST" skipped="0">
  <testcase classname="testCases.TC001_AccountRegistrationTest" name="verify_account_registration" time="4.309"/>
  <system-out/>
</testsuite> <!-- testCases.TC001_AccountRegistrationTest -->
