<?xml version="1.0" encoding="UTF-8"?>
<!-- Generated by org.testng.reporters.JUnitReportReporter -->
<testsuite hostname="DESKTOP-BQKPNP3" failures="0" tests="1" name="testCases.TC_004_SearchProductTest" time="2.204" errors="0" timestamp="2025-01-11T16:36:48 IST" skipped="0">
  <testcase classname="testCases.TC_004_SearchProductTest" name="verify_pruductSearch" time="2.204"/>
  <system-out/>
</testsuite> <!-- testCases.TC_004_SearchProductTest -->
