<?xml version="1.0" encoding="UTF-8"?>
<!-- Generated by org.testng.reporters.JUnitReportReporter -->
<testsuite hostname="DESKTOP-BQKPNP3" failures="0" tests="1" name="testCases.TC_005_AddToCartPageTest" time="3.551" errors="0" timestamp="2025-01-11T16:36:48 IST" skipped="0">
  <testcase classname="testCases.TC_005_AddToCartPageTest" name="verify_addToCart" time="3.551"/>
  <system-out/>
</testsuite> <!-- testCases.TC_005_AddToCartPageTest -->
