<?xml version="1.0" encoding="UTF-8"?>
<!-- Generated by org.testng.reporters.JUnitReportReporter -->
<testsuite hostname="DESKTOP-BQKPNP3" failures="0" tests="1" name="testCases.TC_002_LoginTest" time="3.056" errors="0" timestamp="2025-01-11T16:36:48 IST" skipped="0">
  <testcase classname="testCases.TC_002_LoginTest" name="test_login" time="3.056"/>
  <system-out/>
</testsuite> <!-- testCases.TC_002_LoginTest -->
