<?xml version="1.0" encoding="UTF-8"?>
<!-- Generated by org.testng.reporters.JUnitReportReporter -->
<testsuite hostname="DESKTOP-BQKPNP3" failures="0" tests="1" name="testCases.TC_001_AccountRegistrationTest" time="6.070" errors="0" timestamp="2024-11-08T09:05:28 IST" skipped="0">
  <testcase classname="testCases.TC_001_AccountRegistrationTest" name="verify_account_registration" time="6.070"/>
  <system-out/>
</testsuite> <!-- testCases.TC_001_AccountRegistrationTest -->
