<?xml version="1.0" encoding="UTF-8"?>
<!-- Generated by org.testng.reporters.JUnitReportReporter -->
<testsuite hostname="DESKTOP-BQKPNP3" failures="0" tests="1" name="testCases.TC_002_LoginTest" time="2.586" errors="0" timestamp="2024-11-08T09:05:28 IST" skipped="0">
  <testcase classname="testCases.TC_002_LoginTest" name="test_login" time="2.586"/>
  <system-out/>
</testsuite> <!-- testCases.TC_002_LoginTest -->
